<?xml version="1.0" encoding="UTF-8" ?>
<testsuite tests="4" failures="0" name="sourceTest.MainTest" time="0.012" errors="0" skipped="0">
  <properties>
[...]
</properties>
  <testcase classname="sourceTest.MainTest" name="add_twoPlusTwo_returnFour" time="0.011"/>
  <testcase classname="sourceTest.MainTest" name="subtract_FourMinusTwo_returnTwo" time="0"/>
  <testcase classname="sourceTest.MainTest" name="add_twoPlusOppositeTwo_returnZero" time="0"/>
  <testcase classname="sourceTest.MainTest" name="subtract_fourMinusOppositeDour_returnZero" time="0.001"/>
</testsuite>